Run with lambda = 0.0001 --------------------------------
Result = -0.000005
Took 4.716165 ms 

Run with lambda = 0.0501 --------------------------------
Result = -0.002247
Took 0.005039 ms 

Run with lambda = 0.1001 --------------------------------
Result = -0.003930
Took 0.002226 ms 

Run with lambda = 0.1501 --------------------------------
Result = -0.003967
Took 0.001478 ms

...

Run with lambda = 0.5001 --------------------------------
Result = -0.000000
Took 0.000219 ms 

Run with lambda = 0.5501 --------------------------------
Result = -0.000504
Took 0.000340 ms

... 

Run with lambda = 0.9501 --------------------------------
Result = -0.039679
Took 0.003178 ms 

Run with lambda = 1.0001 --------------------------------
